----------------------biased walk 4k 64-------------------
web-Google
var: FrontierSize =  1
5865,wg,0.002840,0.002840
lj
var: FrontierSize =  1
4271,wg,0.002270,0.002270
orkut
var: FrontierSize =  1
7684,wg,0.003537,0.003537
uk-2005
out of memory in gpu_graph.cuh at line 40
arabic-2005
var: FrontierSize =  1
10162,wg,0.002254,0.002254
sk-2005
out of memory in gpu_graph.cuh at line 38
friendster
out of memory in gpu_graph.cuh at line 38
----------------------sampling biased 4k 2 2 64-------------------
web-Google
var: FrontierSize =  1
14190,wg,0.001815,0.001815
lj
var: FrontierSize =  1
9854,wg,0.002413,0.002413
orkut
var: FrontierSize =  1
19092,wg,0.004458,0.004458
uk-2005
out of memory in gpu_graph.cuh at line 40
arabic-2005
var: FrontierSize =  1
19954,wg,0.002321,0.002321
sk-2005
out of memory in gpu_graph.cuh at line 38
friendster
out of memory in gpu_graph.cuh at line 38
----------------------sampling biased 4k 20 2 64-------------------
web-Google
var: BUCKETS*512*4*seeds =  262144000
var: FrontierSize =  1
1029160,wg,0.080956,0.080956
lj
var: BUCKETS*512*4*seeds =  262144000
var: FrontierSize =  1
437640,wg,0.102820,0.102820
orkut
var: BUCKETS*512*4*seeds =  262144000
var: FrontierSize =  1
1487260,wg,0.478287,0.478287
arabic-2005
var: BUCKETS*512*4*seeds =  262144000
var: FrontierSize =  1
1520900,wg,0.435491,0.435491
uk-2005
out of memory in gpu_graph.cuh at line 40
sk-2005
out of memory in gpu_graph.cuh at line 38
friendster
out of memory in gpu_graph.cuh at line 38
----------------------sampling biased 4k 20 2 64-------------------
web-Google
var: BUCKETS*512*4*seeds =  262144000
var: FrontierSize =  1
952060,wg,0.075494,0.075494
lj
var: BUCKETS*512*4*seeds =  262144000
var: FrontierSize =  1
452820,wg,0.106229,0.106229
orkut
var: BUCKETS*512*4*seeds =  262144000
var: FrontierSize =  1
1472420,wg,0.488645,0.488645
arabic-2005
var: BUCKETS*512*4*seeds =  262144000
var: FrontierSize =  1
1484780,wg,0.511981,0.511981
uk-2005
out of memory in gpu_graph.cuh at line 40
sk-2005
out of memory in gpu_graph.cuh at line 38
friendster
out of memory in gpu_graph.cuh at line 38
----------------------biased walk 4k 64-------------------
web-Google
var: BUCKETS*512*4*seeds =  262144000
var: FrontierSize =  1
5614,wg,0.001788,0.001788
lj
var: BUCKETS*512*4*seeds =  262144000
var: FrontierSize =  1
4337,wg,0.002440,0.002440
orkut
var: BUCKETS*512*4*seeds =  262144000
var: FrontierSize =  1
7676,wg,0.003598,0.003598
arabic-2005
var: BUCKETS*512*4*seeds =  262144000
var: FrontierSize =  1
9514,wg,0.002178,0.002178
uk-2005
out of memory in gpu_graph.cuh at line 40
