----------------------ppr unbiased 4k 64-------------------
lj
total time 0.045049s

orkut
total time 0.065219s

arabic-2005
total time 0.031618s

uk-2005
total time 0.039258s
arabic-2005

sk-2005
total time 0.037149s

friendster
total time 0.049919s


----------------------biased_walk 40k degree-------------------
web-Google
0: init alias tables in 0.045245 seconds
step(0), active(0), time(0.019)
lj
0: init alias tables in 0.239125 seconds
step(0), active(0), time(0.029)
orkut
0: init alias tables in 0.348922 seconds
step(0), active(0), time(0.008)

uk-2005
0: init alias tables in 2.758934 seconds
arabic-2005
0: init alias tables in 2.094972 seconds
step(0), active(0), time(0.010)
sk-2005
0: init alias tables in 4.469405 seconds
friendster
0: init alias tables in 5.603858 seconds
----------------------biased_walk 40k degree-------------------
web-Google
0: init alias tables in 0.046290 seconds
step(0), active(0), time(0.020)
lj
0: init alias tables in 0.229496 seconds
step(0), active(0), time(0.028)
orkut
0: init alias tables in 0.305025 seconds
step(0), active(0), time(0.011)
uk-2005
0: init alias tables in 2.408340 seconds
step(0), active(0), time(0.041)
arabic-2005
0: init alias tables in 2.163316 seconds
step(0), active(0), time(0.010)
sk-2005
0: init alias tables in 4.749360 seconds
step(0), active(0), time(0.018)
friendster
0: init alias tables in 5.395682 seconds
step(0), active(0), time(0.009)



----------------------ppr biased 4k 64-------------------
web-Google
0: init alias tables in 0.045634 seconds
total time 0.057968s
lj
0: init alias tables in 0.208109 seconds
total time 0.342170s
orkut
uk-2005
0: init alias tables in 2.722360 seconds
total time 3.783511s
arabic-2005
0: init alias tables in 1.454335 seconds
total time 2.252233s
sk-2005
0: init alias tables in 4.471437 seconds
total time 6.408685s
friendster
0: init alias tables in 6.532160 seconds
total time 8.459371s
----------------------node2vec-------------------
web-Google
weighted
0: init alias tables in 0.022354 seconds
total time 1.829139s
lj
weighted
0: init alias tables in 0.182989 seconds
total time 1.683874s
orkut
weighted
uk-2005
weighted
0: init alias tables in 2.153736 seconds
total time 5.645391s
arabic-2005
weighted
0: init alias tables in 1.347412 seconds
total time 3.590258s
sk-2005
weighted
0: init alias tables in 5.880122 seconds
total time 12.028655s
friendster
weighted
0: init alias tables in 8.693251 seconds
total time 12.747996s
----------------------ppr biased 4k 64-------------------
web-Google
0: init alias tables in 0.039454 seconds
step(0), active(0), time(0.002)
total time 0.062904s
lj
0: init alias tables in 0.216952 seconds
step(0), active(0), time(0.013)
total time 0.341786s
orkut
0: init alias tables in 0.268376 seconds
step(0), active(0), time(0.002)
total time 0.432625s
uk-2005
0: init alias tables in 1.962602 seconds
step(0), active(0), time(0.007)
total time 3.014491s
arabic-2005
0: init alias tables in 1.308776 seconds
step(0), active(0), time(0.004)
total time 1.985645s
sk-2005
0: init alias tables in 3.943841 seconds
step(0), active(0), time(0.015)
total time 5.822174s
friendster
0: init alias tables in 7.039346 seconds
step(0), active(0), time(0.018)
total time 8.991084s
----------------------biased_walk 4k degree-------------------
web-Google
0: init alias tables in 0.039052 seconds
step(0), active(0), time(0.016)
lj
0: init alias tables in 0.249518 seconds
step(0), active(0), time(0.008)
orkut
0: init alias tables in 0.292903 seconds
step(0), active(0), time(0.004)
uk-2005
0: init alias tables in 2.520047 seconds
step(0), active(0), time(0.015)
arabic-2005
0: init alias tables in 1.701120 seconds
step(0), active(0), time(0.004)
sk-2005
----------------------online 4k-------------------
----------------------biased_walk 4k degree-------------------
web-Google
0: init alias tables in 0.057925 seconds
step(0), active(0), time(0.002)
lj
0: init alias tables in 0.362544 seconds
step(0), active(0), time(0.007)
orkut
0: init alias tables in 0.294893 seconds
step(0), active(0), time(0.006)
uk-2005
0: init alias tables in 2.338193 seconds
step(0), active(0), time(0.009)
arabic-2005
0: init alias tables in 1.514006 seconds
step(0), active(0), time(0.017)
sk-2005
0: init alias tables in 7.689937 seconds
step(0), active(0), time(0.007)
friendster
0: init alias tables in 5.617956 seconds
step(0), active(0), time(0.004)
----------------------ppr biased 4k 64-------------------
web-Google
0: init alias tables in 0.055682 seconds
step(0), active(0), time(0.007)
total time 0.086582s
lj
0: init alias tables in 0.206709 seconds
step(0), active(0), time(0.008)
total time 0.322007s
orkut
0: init alias tables in 0.271887 seconds
step(0), active(0), time(0.001)
total time 0.446085s
uk-2005
0: init alias tables in 2.049842 seconds
step(0), active(0), time(0.004)
total time 3.060811s
arabic-2005
0: init alias tables in 1.361337 seconds
step(0), active(0), time(0.004)
total time 2.066471s
sk-2005
0: init alias tables in 4.044919 seconds
step(0), active(0), time(0.004)
total time 5.727602s
friendster
0: init alias tables in 8.736871 seconds
step(0), active(0), time(0.003)
total time 10.669769s
----------------------node2vec-------------------
web-Google
weighted
0: init alias tables in 0.025308 seconds
step(417), active(0), time(0.338)
total time 0.400220s
lj
weighted
0: init alias tables in 0.185374 seconds
step(374), active(0), time(0.357)
total time 0.718247s
orkut
weighted
0: init alias tables in 0.231294 seconds
step(20), active(0), time(0.062)
total time 0.528407s
uk-2005
weighted
0: init alias tables in 2.143339 seconds
step(403), active(0), time(0.504)
total time 4.134380s
arabic-2005
weighted
0: init alias tables in 1.330133 seconds
step(322), active(0), time(0.172)
total time 2.578956s
sk-2005
weighted
0: init alias tables in 6.369343 seconds
step(372), active(0), time(0.258)
total time 10.045767s
friendster
weighted
0: init alias tables in 8.672239 seconds
step(38), active(0), time(0.069)
total time 12.793804s
----------------------online 40k-------------------
----------------------biased_walk 4k degree-------------------
web-Google
0: init alias tables in 0.044862 seconds
step(0), active(0), time(0.028)
lj
0: init alias tables in 0.254536 seconds
step(0), active(0), time(0.043)
orkut
0: init alias tables in 0.295346 seconds
step(0), active(0), time(0.009)
uk-2005
0: init alias tables in 2.414009 seconds
step(0), active(0), time(0.037)
arabic-2005
0: init alias tables in 1.544026 seconds
step(0), active(0), time(0.022)
sk-2005
==========================new--===============================
----------------------ppr biased 40k 64-------------------
web-Google
0: init alias tables in 0.030893 seconds
step(0), active(0), time(0.004)
total time 0.061761s
lj
0: init alias tables in 0.255193 seconds
step(0), active(0), time(0.015)
total time 0.386303s
orkut
0: init alias tables in 0.270168 seconds
step(0), active(0), time(0.015)
total time 0.436897s
uk-2005
0: init alias tables in 2.070744 seconds
step(0), active(0), time(0.002)
total time 2.993419s
arabic-2005
0: init alias tables in 1.340771 seconds
step(0), active(0), time(0.008)
total time 1.984010s
sk-2005
0: init alias tables in 3.870373 seconds
step(0), active(0), time(0.013)
total time 5.689606s
friendster
0: init alias tables in 8.834037 seconds
step(0), active(0), time(0.019)
total time 10.615706s
----------------------biased_walk 40k degree-------------------
web-Google
lj
orkut
uk-2005
arabic-2005
sk-2005
friendster
----------------------biased_walk 40k degree-------------------
web-Google
0: init alias tables in 0.046626 seconds
step(0), active(0), time(0.024)
lj
0: init alias tables in 0.269997 seconds
step(0), active(0), time(0.041)
orkut
0: init alias tables in 0.300742 seconds
step(0), active(0), time(0.008)
uk-2005
0: init alias tables in 3.107376 seconds
step(0), active(0), time(0.039)
arabic-2005
0: init alias tables in 2.029697 seconds
step(0), active(0), time(0.011)
sk-2005
0: init alias tables in 5.289638 seconds
step(0), active(0), time(0.038)
friendster
0: init alias tables in 8.998799 seconds
step(0), active(0), time(0.032)
----------------------ppr unbiased 40k 64-------------------
web-Google
step(0), active(0), time(0.003)
total time 0.038204s
lj
step(0), active(0), time(0.016)
total time 0.030740s
orkut
step(0), active(0), time(0.020)
total time 0.042310s
uk-2005
step(0), active(0), time(0.016)
total time 0.053998s
arabic-2005
step(0), active(0), time(0.023)
total time 0.039112s
sk-2005
step(0), active(0), time(0.001)
total time 0.091804s
friendster
step(0), active(0), time(0.016)
total time 0.045324s

----------------------biased node2vec-------------------
web-Google
weighted
0: init alias tables in 0.023164 seconds
step(0), active(0), time(2.041)
total time 2.101095s
lj
weighted
0: init alias tables in 0.177329 seconds
step(0), active(0), time(1.564)
total time 1.909674s
orkut
weighted
0: init alias tables in 0.234460 seconds
step(0), active(0), time(0.132)
total time 0.599229s
uk-2005
weighted
0: init alias tables in 1.995590 seconds
step(0), active(0), time(2.259)
total time 5.653354s
arabic-2005
weighted
0: init alias tables in 1.481606 seconds
step(0), active(0), time(1.293)
total time 3.749428s
sk-2005
weighted
0: init alias tables in 4.972429 seconds
step(0), active(0), time(1.077)
total time 9.014824s
friendster
weighted
0: init alias tables in 4.777668 seconds
step(0), active(0), time(0.124)
total time 8.069587s
