----------------------unbiased 4k degree-------------------
web-Google
step(0), active(0), time(0.017)
total time 0.055447s
lj
step(0), active(0), time(0.012)
total time 0.058409s
orkut
step(0), active(0), time(0.013)
total time 0.049678s
uk-2005
step(0), active(0), time(0.014)
total time 0.787632s
arabic-2005
step(0), active(0), time(0.016)
total time 0.108132s
sk-2005
step(0), active(0), time(0.003)
total time 0.139499s
friendster
step(0), active(0), time(0.017)
total time 0.053991s
----------------------unbiased node2vec-------------------
web-Google
unweighted
step(0), active(28764), time(0.015)
step(1), active(25090), time(0.020)
step(2), active(22818), time(0.030)
step(3), active(21035), time(0.044)
step(4), active(19673), time(0.052)
step(5), active(18536), time(0.066)
step(6), active(17472), time(0.075)
step(7), active(16571), time(0.087)
step(8), active(15798), time(0.101)
step(9), active(15079), time(0.104)
step(10), active(14438), time(0.124)
step(11), active(13865), time(0.128)
step(12), active(13256), time(0.136)
step(13), active(12692), time(0.156)
step(14), active(12208), time(0.162)
step(15), active(11751), time(0.176)
step(16), active(11320), time(0.196)
step(17), active(10911), time(0.212)
step(18), active(10527), time(0.221)
step(19), active(10180), time(0.234)
step(20), active(9836), time(0.244)
step(21), active(9501), time(0.262)
step(22), active(9214), time(0.272)
step(23), active(8950), time(0.292)
step(24), active(8693), time(0.304)
step(25), active(8440), time(0.308)
step(26), active(8202), time(0.320)
step(27), active(7964), time(0.344)
step(28), active(7738), time(0.356)
step(29), active(7543), time(0.372)
step(30), active(7354), time(0.383)
step(31), active(7161), time(0.403)
step(32), active(6971), time(0.419)
step(33), active(6791), time(0.429)
step(34), active(6606), time(0.437)
step(35), active(6447), time(0.452)
step(36), active(6283), time(0.460)
step(37), active(6137), time(0.478)
step(38), active(5994), time(0.489)
step(39), active(5872), time(0.495)
step(40), active(5724), time(0.527)
step(41), active(5603), time(0.535)
step(42), active(5477), time(0.552)
step(43), active(5364), time(0.564)
step(44), active(5244), time(0.578)
step(45), active(5128), time(0.612)
step(46), active(5015), time(0.644)
step(47), active(4925), time(0.657)
step(48), active(4830), time(0.668)
step(49), active(4730), time(0.681)
step(50), active(4643), time(0.688)
step(51), active(4563), time(0.696)
step(52), active(4493), time(0.716)
step(53), active(4422), time(0.724)
step(54), active(4353), time(0.735)
step(55), active(4265), time(0.776)
step(56), active(4194), time(0.786)
step(57), active(4123), time(0.800)
step(58), active(4039), time(0.806)
step(59), active(3971), time(0.827)
step(60), active(3906), time(0.835)
step(61), active(3839), time(0.836)
step(62), active(3776), time(0.838)
step(63), active(3693), time(0.839)
step(64), active(3632), time(0.840)
step(65), active(3570), time(0.841)
step(66), active(3525), time(0.842)
step(67), active(3479), time(0.847)
step(68), active(3418), time(0.848)
step(69), active(3371), time(0.850)
step(70), active(3313), time(0.851)
step(71), active(3251), time(0.852)
step(72), active(3207), time(0.854)
step(73), active(3172), time(0.855)
step(74), active(3140), time(0.857)
step(75), active(3092), time(0.859)
step(76), active(3041), time(0.860)
step(77), active(3003), time(0.862)
step(78), active(2965), time(0.863)
step(79), active(2933), time(0.864)
step(80), active(2897), time(0.866)
step(81), active(2853), time(0.868)
step(82), active(2818), time(0.869)
step(83), active(2782), time(0.870)
step(84), active(2743), time(0.872)
step(85), active(2709), time(0.873)
step(86), active(2672), time(0.875)
step(87), active(2644), time(0.876)
step(88), active(2613), time(0.878)
step(89), active(2577), time(0.879)
step(90), active(2551), time(0.880)
step(91), active(2510), time(0.882)
step(92), active(2481), time(0.883)
step(93), active(2454), time(0.884)
step(94), active(2432), time(0.885)
step(95), active(2405), time(0.886)
step(96), active(2380), time(0.888)
step(97), active(2352), time(0.889)
step(98), active(2324), time(0.891)
step(99), active(2298), time(0.893)
step(100), active(2276), time(0.895)
step(101), active(2258), time(0.897)
step(102), active(2234), time(0.899)
step(103), active(2209), time(0.900)
step(104), active(2174), time(0.902)
step(105), active(2143), time(0.904)
step(106), active(2113), time(0.905)
step(107), active(2080), time(0.907)
step(108), active(2059), time(0.909)
step(109), active(2034), time(0.910)
step(110), active(2014), time(0.912)
step(111), active(1988), time(0.914)
step(112), active(1965), time(0.915)
step(113), active(1940), time(0.917)
step(114), active(1905), time(0.918)
step(115), active(1883), time(0.920)
step(116), active(1858), time(0.921)
step(117), active(1830), time(0.922)
step(118), active(1814), time(0.924)
step(119), active(1781), time(0.925)
step(120), active(1753), time(0.927)
step(121), active(1721), time(0.928)
step(122), active(1694), time(0.929)
step(123), active(1672), time(0.930)
step(124), active(1639), time(0.932)
step(125), active(1608), time(0.934)
step(126), active(1580), time(0.935)
step(127), active(1563), time(0.936)
step(128), active(1535), time(0.937)
step(129), active(1502), time(0.938)
step(130), active(1478), time(0.939)
step(131), active(1442), time(0.940)
step(132), active(1416), time(0.941)
step(133), active(1391), time(0.943)
step(134), active(1372), time(0.944)
step(135), active(1343), time(0.945)
step(136), active(1318), time(0.948)
step(137), active(1294), time(0.949)
step(138), active(1265), time(0.950)
step(139), active(1243), time(0.951)
step(140), active(1232), time(0.952)
step(141), active(1215), time(0.953)
step(142), active(1198), time(0.954)
step(143), active(1177), time(0.955)
step(144), active(1160), time(0.956)
step(145), active(1144), time(0.957)
step(146), active(1125), time(0.957)
step(147), active(1105), time(0.958)
step(148), active(1090), time(0.959)
step(149), active(1080), time(0.961)
step(150), active(1067), time(0.962)
step(151), active(1050), time(0.962)
step(152), active(1034), time(0.963)
step(153), active(1016), time(0.964)
step(154), active(1004), time(0.968)
step(155), active(989), time(0.971)
step(156), active(981), time(0.976)
step(157), active(969), time(0.977)
step(158), active(958), time(0.977)
step(159), active(949), time(0.980)
step(160), active(940), time(0.981)
step(161), active(932), time(0.982)
step(162), active(922), time(0.982)
step(163), active(910), time(0.983)
step(164), active(908), time(0.984)
step(165), active(900), time(0.984)
step(166), active(899), time(0.985)
step(167), active(893), time(0.989)
step(168), active(887), time(0.989)
step(169), active(879), time(0.990)
step(170), active(875), time(0.991)
step(171), active(869), time(0.991)
step(172), active(865), time(0.992)
step(173), active(862), time(0.993)
step(174), active(857), time(0.993)
step(175), active(856), time(0.998)
step(176), active(852), time(0.998)
step(177), active(848), time(0.999)
step(178), active(847), time(1.000)
step(179), active(842), time(1.000)
step(180), active(838), time(1.001)
step(181), active(832), time(1.002)
step(182), active(827), time(1.002)
step(183), active(821), time(1.003)
step(184), active(817), time(1.004)
step(185), active(814), time(1.004)
step(186), active(811), time(1.005)
step(187), active(811), time(1.005)
step(188), active(809), time(1.006)
step(189), active(807), time(1.007)
step(190), active(806), time(1.009)
step(191), active(805), time(1.009)
step(192), active(801), time(1.010)
step(193), active(800), time(1.011)
step(194), active(800), time(1.012)
step(195), active(799), time(1.013)
step(196), active(797), time(1.013)
step(197), active(793), time(1.014)
step(198), active(791), time(1.015)
step(199), active(786), time(1.015)
step(200), active(784), time(1.016)
step(201), active(783), time(1.017)
step(202), active(782), time(1.018)
step(203), active(781), time(1.018)
step(204), active(777), time(1.020)
step(205), active(774), time(1.025)
step(206), active(773), time(1.026)
step(207), active(770), time(1.027)
step(208), active(767), time(1.027)
step(209), active(764), time(1.028)
step(210), active(762), time(1.044)
step(211), active(760), time(1.045)
step(212), active(757), time(1.045)
step(213), active(746), time(1.046)
step(214), active(739), time(1.047)
step(215), active(738), time(1.047)
step(216), active(736), time(1.049)
step(217), active(733), time(1.052)
step(218), active(731), time(1.052)
step(219), active(728), time(1.054)
step(220), active(727), time(1.054)
step(221), active(722), time(1.055)
step(222), active(719), time(1.055)
step(223), active(713), time(1.056)
step(224), active(709), time(1.057)
step(225), active(705), time(1.057)
step(226), active(699), time(1.058)
step(227), active(695), time(1.059)
step(228), active(690), time(1.059)
step(229), active(685), time(1.060)
step(230), active(680), time(1.061)
step(231), active(677), time(1.061)
step(232), active(674), time(1.066)
step(233), active(673), time(1.067)
step(234), active(671), time(1.068)
step(235), active(663), time(1.068)
step(236), active(658), time(1.069)
step(237), active(651), time(1.070)
step(238), active(649), time(1.070)
step(239), active(642), time(1.072)
step(240), active(640), time(1.073)
step(241), active(638), time(1.076)
step(242), active(631), time(1.077)
step(243), active(624), time(1.077)
step(244), active(622), time(1.078)
step(245), active(617), time(1.078)
step(246), active(610), time(1.079)
step(247), active(604), time(1.080)
step(248), active(600), time(1.080)
step(249), active(594), time(1.081)
step(250), active(588), time(1.081)
step(251), active(586), time(1.082)
step(252), active(579), time(1.083)
step(253), active(579), time(1.087)
step(254), active(574), time(1.087)
step(255), active(567), time(1.088)
step(256), active(561), time(1.088)
step(257), active(551), time(1.089)
step(258), active(546), time(1.089)
step(259), active(539), time(1.092)
step(260), active(532), time(1.092)
step(261), active(523), time(1.093)
step(262), active(517), time(1.094)
step(263), active(509), time(1.095)
step(264), active(501), time(1.096)
step(265), active(496), time(1.096)
step(266), active(481), time(1.097)
step(267), active(470), time(1.097)
step(268), active(466), time(1.098)
step(269), active(454), time(1.099)
step(270), active(446), time(1.100)
step(271), active(439), time(1.101)
step(272), active(429), time(1.102)
step(273), active(419), time(1.102)
step(274), active(410), time(1.103)
step(275), active(403), time(1.104)
step(276), active(394), time(1.104)
step(277), active(385), time(1.105)
step(278), active(382), time(1.106)
step(279), active(376), time(1.108)
step(280), active(363), time(1.109)
step(281), active(356), time(1.109)
step(282), active(344), time(1.112)
step(283), active(335), time(1.113)
step(284), active(330), time(1.114)
step(285), active(320), time(1.114)
step(286), active(313), time(1.115)
step(287), active(311), time(1.116)
step(288), active(300), time(1.116)
step(289), active(292), time(1.116)
step(290), active(284), time(1.117)
step(291), active(276), time(1.117)
step(292), active(272), time(1.118)
step(293), active(267), time(1.119)
step(294), active(256), time(1.120)
step(295), active(251), time(1.123)
step(296), active(243), time(1.126)
step(297), active(238), time(1.126)
step(298), active(232), time(1.127)
step(299), active(221), time(1.127)
step(300), active(215), time(1.127)
step(301), active(212), time(1.131)
step(302), active(204), time(1.132)
step(303), active(197), time(1.132)
step(304), active(193), time(1.133)
step(305), active(184), time(1.133)
step(306), active(178), time(1.136)
step(307), active(175), time(1.138)
step(308), active(173), time(1.138)
step(309), active(165), time(1.139)
step(310), active(160), time(1.139)
step(311), active(154), time(1.140)
step(312), active(151), time(1.140)
step(313), active(142), time(1.140)
step(314), active(136), time(1.141)
step(315), active(132), time(1.141)
step(316), active(129), time(1.142)
step(317), active(120), time(1.142)
step(318), active(119), time(1.143)
step(319), active(115), time(1.143)
step(320), active(110), time(1.143)
step(321), active(105), time(1.147)
step(322), active(101), time(1.147)
step(323), active(98), time(1.150)
step(324), active(95), time(1.150)
step(325), active(90), time(1.150)
step(326), active(87), time(1.151)
step(327), active(85), time(1.151)
step(328), active(81), time(1.151)
step(329), active(77), time(1.153)
step(330), active(76), time(1.153)
step(331), active(72), time(1.154)
step(332), active(67), time(1.154)
step(333), active(65), time(1.154)
step(334), active(65), time(1.155)
step(335), active(64), time(1.155)
step(336), active(60), time(1.156)
step(337), active(56), time(1.156)
step(338), active(51), time(1.158)
step(339), active(50), time(1.158)
step(340), active(47), time(1.158)
step(341), active(45), time(1.162)
step(342), active(45), time(1.162)
step(343), active(42), time(1.162)
step(344), active(36), time(1.164)
step(345), active(34), time(1.164)
step(346), active(34), time(1.165)
step(347), active(30), time(1.165)
step(348), active(28), time(1.170)
step(349), active(27), time(1.170)
step(350), active(26), time(1.170)
step(351), active(26), time(1.170)
step(352), active(25), time(1.171)
step(353), active(24), time(1.171)
step(354), active(20), time(1.171)
step(355), active(20), time(1.172)
step(356), active(19), time(1.172)
step(357), active(19), time(1.172)
step(358), active(16), time(1.173)
step(359), active(15), time(1.173)
step(360), active(14), time(1.173)
step(361), active(13), time(1.174)
step(362), active(13), time(1.174)
step(363), active(12), time(1.174)
step(364), active(12), time(1.175)
step(365), active(12), time(1.175)
step(366), active(12), time(1.175)
step(367), active(10), time(1.176)
step(368), active(10), time(1.176)
step(369), active(10), time(1.176)
step(370), active(9), time(1.176)
step(371), active(7), time(1.177)
step(372), active(7), time(1.177)
step(373), active(7), time(1.177)
step(374), active(7), time(1.177)
step(375), active(7), time(1.178)
step(376), active(4), time(1.178)
step(377), active(4), time(1.178)
step(378), active(4), time(1.178)
step(379), active(4), time(1.179)
step(380), active(4), time(1.179)
step(381), active(4), time(1.179)
step(382), active(4), time(1.179)
step(383), active(4), time(1.180)
step(384), active(3), time(1.180)
step(385), active(3), time(1.180)
step(386), active(3), time(1.181)
step(387), active(3), time(1.181)
step(388), active(3), time(1.182)
step(389), active(3), time(1.182)
step(390), active(3), time(1.183)
step(391), active(3), time(1.183)
step(392), active(3), time(1.183)
step(393), active(3), time(1.184)
step(394), active(3), time(1.184)
step(395), active(2), time(1.184)
step(396), active(1), time(1.185)
step(397), active(1), time(1.185)
step(398), active(1), time(1.186)
step(399), active(1), time(1.186)
step(400), active(1), time(1.186)
step(401), active(1), time(1.187)
step(402), active(1), time(1.188)
step(403), active(1), time(1.188)
step(404), active(1), time(1.188)
step(405), active(1), time(1.188)
step(406), active(1), time(1.189)
step(407), active(1), time(1.189)
step(408), active(0), time(1.189)
total time 1.274630s
lj
unweighted
step(0), active(38416), time(0.006)
step(1), active(36901), time(0.023)
step(2), active(35670), time(0.040)
step(3), active(34591), time(0.066)
step(4), active(33544), time(0.083)
step(5), active(32496), time(0.096)
step(6), active(31583), time(0.111)
step(7), active(30651), time(0.124)
step(8), active(29814), time(0.135)
step(9), active(29026), time(0.148)
step(10), active(28243), time(0.164)
step(11), active(27444), time(0.173)
step(12), active(26745), time(0.196)
step(13), active(26050), time(0.220)
step(14), active(25375), time(0.231)
step(15), active(24739), time(0.243)
step(16), active(24131), time(0.260)
step(17), active(23486), time(0.295)
step(18), active(22879), time(0.297)
step(19), active(22329), time(0.308)
step(20), active(21746), time(0.314)
step(21), active(21175), time(0.324)
step(22), active(20669), time(0.334)
step(23), active(20185), time(0.349)
step(24), active(19639), time(0.358)
step(25), active(19164), time(0.364)
step(26), active(18659), time(0.372)
step(27), active(18212), time(0.388)
step(28), active(17753), time(0.408)
step(29), active(17315), time(0.425)
step(30), active(16868), time(0.444)
step(31), active(16441), time(0.456)
step(32), active(16026), time(0.467)
step(33), active(15675), time(0.476)
step(34), active(15300), time(0.500)
step(35), active(14926), time(0.512)
step(36), active(14590), time(0.531)
step(37), active(14263), time(0.544)
step(38), active(13926), time(0.561)
step(39), active(13604), time(0.570)
step(40), active(13291), time(0.576)
step(41), active(13025), time(0.584)
step(42), active(12752), time(0.589)
step(43), active(12432), time(0.604)
step(44), active(12157), time(0.616)
step(45), active(11894), time(0.632)
step(46), active(11637), time(0.640)
step(47), active(11376), time(0.650)
step(48), active(11118), time(0.664)
step(49), active(10884), time(0.676)
step(50), active(10648), time(0.684)
step(51), active(10420), time(0.692)
step(52), active(10200), time(0.700)
step(53), active(9993), time(0.716)
step(54), active(9757), time(0.736)
step(55), active(9531), time(0.748)
step(56), active(9311), time(0.764)
step(57), active(9092), time(0.780)
step(58), active(8905), time(0.785)
step(59), active(8716), time(0.795)
step(60), active(8519), time(0.813)
step(61), active(8329), time(0.820)
step(62), active(8170), time(0.832)
step(63), active(8005), time(0.852)
step(64), active(7846), time(0.868)
step(65), active(7687), time(0.876)
step(66), active(7534), time(0.900)
step(67), active(7408), time(0.919)
step(68), active(7253), time(0.924)
step(69), active(7098), time(0.948)
step(70), active(6951), time(0.956)
step(71), active(6816), time(0.964)
step(72), active(6675), time(0.972)
step(73), active(6516), time(0.980)
step(74), active(6373), time(0.992)
step(75), active(6236), time(1.004)
step(76), active(6085), time(1.012)
step(77), active(5909), time(1.030)
step(78), active(5731), time(1.034)
step(79), active(5537), time(1.056)
step(80), active(5346), time(1.061)
step(81), active(5126), time(1.068)
step(82), active(4911), time(1.079)
step(83), active(4690), time(1.084)
step(84), active(4469), time(1.090)
step(85), active(4237), time(1.102)
step(86), active(4024), time(1.107)
step(87), active(3814), time(1.116)
step(88), active(3627), time(1.129)
step(89), active(3431), time(1.133)
step(90), active(3258), time(1.137)
step(91), active(3096), time(1.140)
step(92), active(2944), time(1.142)
step(93), active(2795), time(1.144)
step(94), active(2656), time(1.146)
step(95), active(2518), time(1.148)
step(96), active(2404), time(1.150)
step(97), active(2294), time(1.152)
step(98), active(2200), time(1.154)
step(99), active(2129), time(1.155)
step(100), active(2054), time(1.156)
step(101), active(2000), time(1.160)
step(102), active(1956), time(1.161)
step(103), active(1907), time(1.162)
step(104), active(1861), time(1.163)
step(105), active(1824), time(1.164)
step(106), active(1792), time(1.165)
step(107), active(1767), time(1.166)
step(108), active(1748), time(1.167)
step(109), active(1727), time(1.168)
step(110), active(1712), time(1.170)
step(111), active(1696), time(1.171)
step(112), active(1680), time(1.173)
step(113), active(1660), time(1.174)
step(114), active(1653), time(1.175)
step(115), active(1644), time(1.177)
step(116), active(1631), time(1.178)
step(117), active(1623), time(1.179)
step(118), active(1612), time(1.180)
step(119), active(1604), time(1.184)
step(120), active(1593), time(1.188)
step(121), active(1587), time(1.189)
step(122), active(1580), time(1.196)
step(123), active(1575), time(1.197)
step(124), active(1567), time(1.198)
step(125), active(1562), time(1.199)
step(126), active(1555), time(1.200)
step(127), active(1544), time(1.201)
step(128), active(1530), time(1.203)
step(129), active(1520), time(1.204)
step(130), active(1516), time(1.205)
step(131), active(1508), time(1.206)
step(132), active(1499), time(1.207)
step(133), active(1491), time(1.209)
step(134), active(1484), time(1.210)
step(135), active(1477), time(1.211)
step(136), active(1468), time(1.212)
step(137), active(1453), time(1.213)
step(138), active(1439), time(1.214)
step(139), active(1429), time(1.215)
step(140), active(1422), time(1.216)
step(141), active(1413), time(1.217)
step(142), active(1405), time(1.218)
step(143), active(1399), time(1.219)
step(144), active(1393), time(1.220)
step(145), active(1384), time(1.221)
step(146), active(1376), time(1.223)
step(147), active(1365), time(1.224)
step(148), active(1355), time(1.225)
step(149), active(1349), time(1.226)
step(150), active(1345), time(1.227)
step(151), active(1338), time(1.228)
step(152), active(1330), time(1.229)
step(153), active(1326), time(1.230)
step(154), active(1318), time(1.231)
step(155), active(1307), time(1.232)
step(156), active(1297), time(1.233)
step(157), active(1293), time(1.233)
step(158), active(1285), time(1.234)
step(159), active(1276), time(1.235)
step(160), active(1265), time(1.236)
step(161), active(1259), time(1.237)
step(162), active(1251), time(1.238)
step(163), active(1246), time(1.239)
step(164), active(1243), time(1.240)
step(165), active(1235), time(1.241)
step(166), active(1226), time(1.242)
step(167), active(1220), time(1.243)
step(168), active(1215), time(1.244)
step(169), active(1210), time(1.245)
step(170), active(1208), time(1.246)
step(171), active(1200), time(1.247)
step(172), active(1194), time(1.248)
step(173), active(1185), time(1.249)
step(174), active(1179), time(1.250)
step(175), active(1173), time(1.251)
step(176), active(1169), time(1.252)
step(177), active(1165), time(1.253)
step(178), active(1160), time(1.253)
step(179), active(1154), time(1.254)
step(180), active(1147), time(1.255)
step(181), active(1143), time(1.256)
step(182), active(1139), time(1.257)
step(183), active(1133), time(1.258)
step(184), active(1126), time(1.259)
step(185), active(1117), time(1.259)
step(186), active(1111), time(1.260)
step(187), active(1101), time(1.261)
step(188), active(1099), time(1.262)
step(189), active(1091), time(1.263)
step(190), active(1086), time(1.264)
step(191), active(1076), time(1.265)
step(192), active(1068), time(1.266)
step(193), active(1064), time(1.267)
step(194), active(1058), time(1.268)
step(195), active(1054), time(1.269)
step(196), active(1047), time(1.269)
step(197), active(1038), time(1.270)
step(198), active(1031), time(1.271)
step(199), active(1022), time(1.272)
step(200), active(1016), time(1.273)
step(201), active(1005), time(1.274)
step(202), active(997), time(1.275)
step(203), active(990), time(1.275)
step(204), active(984), time(1.276)
step(205), active(980), time(1.277)
step(206), active(974), time(1.278)
step(207), active(965), time(1.279)
step(208), active(955), time(1.280)
step(209), active(950), time(1.281)
step(210), active(942), time(1.281)
step(211), active(937), time(1.282)
step(212), active(932), time(1.283)
step(213), active(927), time(1.284)
step(214), active(921), time(1.284)
step(215), active(915), time(1.285)
step(216), active(912), time(1.286)
step(217), active(904), time(1.287)
step(218), active(894), time(1.288)
step(219), active(890), time(1.289)
step(220), active(885), time(1.290)
step(221), active(876), time(1.291)
step(222), active(870), time(1.292)
step(223), active(862), time(1.292)
step(224), active(850), time(1.293)
step(225), active(844), time(1.294)
step(226), active(838), time(1.295)
step(227), active(830), time(1.295)
step(228), active(819), time(1.296)
step(229), active(813), time(1.297)
step(230), active(805), time(1.297)
step(231), active(799), time(1.298)
step(232), active(791), time(1.299)
step(233), active(782), time(1.300)
step(234), active(769), time(1.300)
step(235), active(763), time(1.301)
step(236), active(758), time(1.304)
step(237), active(742), time(1.304)
step(238), active(734), time(1.305)
step(239), active(727), time(1.306)
step(240), active(719), time(1.307)
step(241), active(711), time(1.307)
step(242), active(706), time(1.308)
step(243), active(700), time(1.309)
step(244), active(693), time(1.309)
step(245), active(686), time(1.310)
step(246), active(673), time(1.311)
step(247), active(663), time(1.311)
step(248), active(649), time(1.312)
step(249), active(644), time(1.312)
step(250), active(637), time(1.316)
step(251), active(631), time(1.317)
step(252), active(624), time(1.320)
step(253), active(614), time(1.321)
step(254), active(601), time(1.321)
step(255), active(590), time(1.322)
step(256), active(585), time(1.322)
step(257), active(579), time(1.323)
step(258), active(568), time(1.324)
step(259), active(560), time(1.324)
step(260), active(556), time(1.325)
step(261), active(548), time(1.325)
step(262), active(535), time(1.328)
step(263), active(520), time(1.328)
step(264), active(508), time(1.329)
step(265), active(495), time(1.329)
step(266), active(482), time(1.330)
step(267), active(475), time(1.330)
step(268), active(461), time(1.331)
step(269), active(454), time(1.331)
step(270), active(449), time(1.332)
step(271), active(439), time(1.332)
step(272), active(429), time(1.333)
step(273), active(418), time(1.333)
step(274), active(408), time(1.335)
step(275), active(399), time(1.335)
step(276), active(386), time(1.335)
step(277), active(377), time(1.336)
step(278), active(363), time(1.337)
step(279), active(357), time(1.337)
step(280), active(351), time(1.338)
step(281), active(342), time(1.338)
step(282), active(334), time(1.338)
step(283), active(319), time(1.339)
step(284), active(311), time(1.339)
step(285), active(303), time(1.340)
step(286), active(292), time(1.340)
step(287), active(287), time(1.341)
step(288), active(280), time(1.341)
step(289), active(273), time(1.342)
step(290), active(265), time(1.342)
step(291), active(255), time(1.342)
step(292), active(246), time(1.343)
step(293), active(242), time(1.343)
step(294), active(233), time(1.344)
step(295), active(228), time(1.344)
step(296), active(222), time(1.344)
step(297), active(209), time(1.345)
step(298), active(204), time(1.345)
step(299), active(195), time(1.345)
step(300), active(189), time(1.346)
step(301), active(188), time(1.346)
step(302), active(188), time(1.347)
step(303), active(183), time(1.347)
step(304), active(177), time(1.347)
step(305), active(167), time(1.348)
step(306), active(163), time(1.348)
step(307), active(157), time(1.348)
step(308), active(150), time(1.349)
step(309), active(144), time(1.349)
step(310), active(139), time(1.349)
step(311), active(133), time(1.350)
step(312), active(123), time(1.350)
step(313), active(116), time(1.350)
step(314), active(113), time(1.351)
step(315), active(111), time(1.351)
step(316), active(107), time(1.351)
step(317), active(102), time(1.352)
step(318), active(98), time(1.352)
step(319), active(96), time(1.352)
step(320), active(92), time(1.352)
step(321), active(86), time(1.353)
step(322), active(82), time(1.353)
step(323), active(78), time(1.353)
step(324), active(76), time(1.354)
step(325), active(74), time(1.354)
step(326), active(72), time(1.354)
step(327), active(66), time(1.355)
step(328), active(63), time(1.355)
step(329), active(61), time(1.355)
step(330), active(58), time(1.356)
step(331), active(56), time(1.356)
step(332), active(54), time(1.356)
step(333), active(52), time(1.357)
step(334), active(50), time(1.357)
step(335), active(48), time(1.357)
step(336), active(46), time(1.357)
step(337), active(43), time(1.358)
step(338), active(39), time(1.358)
step(339), active(33), time(1.358)
step(340), active(33), time(1.359)
step(341), active(31), time(1.359)
step(342), active(30), time(1.359)
step(343), active(26), time(1.360)
step(344), active(25), time(1.361)
step(345), active(20), time(1.361)
step(346), active(19), time(1.361)
step(347), active(19), time(1.362)
step(348), active(18), time(1.362)
step(349), active(16), time(1.362)
step(350), active(16), time(1.362)
step(351), active(15), time(1.363)
step(352), active(15), time(1.363)
step(353), active(14), time(1.363)
step(354), active(14), time(1.363)
step(355), active(13), time(1.363)
step(356), active(13), time(1.364)
step(357), active(12), time(1.365)
step(358), active(12), time(1.365)
step(359), active(11), time(1.365)
step(360), active(10), time(1.365)
step(361), active(10), time(1.366)
step(362), active(10), time(1.366)
step(363), active(9), time(1.366)
step(364), active(9), time(1.366)
step(365), active(7), time(1.367)
step(366), active(6), time(1.367)
step(367), active(6), time(1.367)
step(368), active(6), time(1.367)
step(369), active(6), time(1.368)
step(370), active(5), time(1.368)
step(371), active(5), time(1.370)
step(372), active(5), time(1.371)
step(373), active(5), time(1.371)
step(374), active(5), time(1.371)
step(375), active(5), time(1.371)
step(376), active(4), time(1.372)
step(377), active(4), time(1.372)
step(378), active(4), time(1.372)
step(379), active(4), time(1.373)
step(380), active(4), time(1.373)
step(381), active(3), time(1.374)
step(382), active(3), time(1.374)
step(383), active(3), time(1.374)
step(384), active(3), time(1.376)
step(385), active(3), time(1.377)
step(386), active(3), time(1.377)
step(387), active(2), time(1.377)
step(388), active(2), time(1.377)
step(389), active(1), time(1.378)
step(390), active(1), time(1.378)
step(391), active(1), time(1.378)
step(392), active(1), time(1.378)
step(393), active(1), time(1.379)
step(394), active(1), time(1.380)
step(395), active(1), time(1.380)
step(396), active(1), time(1.380)
step(397), active(1), time(1.381)
step(398), active(0), time(1.382)
total time 1.557797s
orkut
unweighted
step(0), active(39199), time(0.023)
step(1), active(36804), time(0.025)
step(2), active(32329), time(0.047)
step(3), active(26563), time(0.069)
step(4), active(20562), time(0.079)
step(5), active(14992), time(0.101)
step(6), active(10377), time(0.132)
step(7), active(6897), time(0.158)
step(8), active(4460), time(0.178)
step(9), active(2737), time(0.184)
step(10), active(1681), time(0.197)
step(11), active(1036), time(0.198)
step(12), active(612), time(0.198)
step(13), active(381), time(0.199)
step(14), active(231), time(0.199)
step(15), active(139), time(0.200)
step(16), active(78), time(0.200)
step(17), active(43), time(0.200)
step(18), active(30), time(0.201)
step(19), active(21), time(0.201)
step(20), active(10), time(0.201)
step(21), active(7), time(0.201)
step(22), active(7), time(0.201)
step(23), active(6), time(0.202)
step(24), active(5), time(0.202)
step(25), active(4), time(0.202)
step(26), active(0), time(0.202)
total time 0.294221s
uk-2005
unweighted
step(0), active(35256), time(0.017)
step(1), active(33030), time(0.027)
step(2), active(31826), time(0.050)
step(3), active(30863), time(0.059)
step(4), active(30063), time(0.098)
step(5), active(29349), time(0.114)
step(6), active(28734), time(0.122)
step(7), active(28196), time(0.133)
step(8), active(27706), time(0.149)
step(9), active(27233), time(0.154)
step(10), active(26833), time(0.170)
step(11), active(26468), time(0.178)
step(12), active(26088), time(0.194)
step(13), active(25738), time(0.198)
step(14), active(25429), time(0.214)
step(15), active(25128), time(0.222)
step(16), active(24865), time(0.242)
step(17), active(24573), time(0.254)
step(18), active(24358), time(0.259)
step(19), active(24099), time(0.270)
step(20), active(23866), time(0.288)
step(21), active(23621), time(0.294)
step(22), active(23401), time(0.306)
step(23), active(23210), time(0.322)
step(24), active(23034), time(0.330)
step(25), active(22824), time(0.343)
step(26), active(22622), time(0.362)
step(27), active(22438), time(0.367)
step(28), active(22226), time(0.383)
step(29), active(22021), time(0.390)
step(30), active(21835), time(0.410)
step(31), active(21672), time(0.418)
step(32), active(21485), time(0.434)
step(33), active(21321), time(0.442)
step(34), active(21174), time(0.454)
step(35), active(21009), time(0.460)
step(36), active(20871), time(0.485)
step(37), active(20739), time(0.491)
step(38), active(20619), time(0.502)
step(39), active(20466), time(0.514)
step(40), active(20333), time(0.536)
step(41), active(20206), time(0.542)
step(42), active(20058), time(0.550)
step(43), active(19918), time(0.570)
step(44), active(19805), time(0.575)
step(45), active(19669), time(0.590)
step(46), active(19522), time(0.615)
step(47), active(19406), time(0.622)
step(48), active(19308), time(0.634)
step(49), active(19184), time(0.640)
step(50), active(19060), time(0.646)
step(51), active(18948), time(0.658)
step(52), active(18847), time(0.672)
step(53), active(18734), time(0.682)
step(54), active(18621), time(0.694)
step(55), active(18521), time(0.711)
step(56), active(18417), time(0.726)
step(57), active(18312), time(0.745)
step(58), active(18232), time(0.750)
step(59), active(18131), time(0.770)
step(60), active(18031), time(0.778)
step(61), active(17914), time(0.790)
step(62), active(17826), time(0.798)
step(63), active(17730), time(0.814)
step(64), active(17631), time(0.851)
step(65), active(17540), time(0.858)
step(66), active(17452), time(0.928)
step(67), active(17353), time(0.938)
step(68), active(17259), time(0.946)
step(69), active(17176), time(0.958)
step(70), active(17087), time(0.964)
step(71), active(16987), time(0.979)
step(72), active(16906), time(0.985)
step(73), active(16824), time(0.991)
step(74), active(16742), time(1.010)
step(75), active(16670), time(1.030)
step(76), active(16585), time(1.046)
step(77), active(16513), time(1.052)
step(78), active(16439), time(1.066)
step(79), active(16367), time(1.074)
step(80), active(16304), time(1.081)
step(81), active(16237), time(1.098)
step(82), active(16170), time(1.106)
step(83), active(16110), time(1.117)
step(84), active(16038), time(1.132)
step(85), active(15968), time(1.138)
step(86), active(15899), time(1.154)
step(87), active(15819), time(1.174)
step(88), active(15744), time(1.184)
step(89), active(15681), time(1.198)
step(90), active(15611), time(1.204)
step(91), active(15539), time(1.214)
step(92), active(15467), time(1.226)
step(93), active(15400), time(1.231)
step(94), active(15322), time(1.249)
step(95), active(15243), time(1.258)
step(96), active(15168), time(1.265)
step(97), active(15105), time(1.278)
step(98), active(15025), time(1.294)
step(99), active(14942), time(1.302)
step(100), active(14846), time(1.326)
step(101), active(14743), time(1.342)
step(102), active(14614), time(1.354)
step(103), active(14508), time(1.370)
step(104), active(14375), time(1.382)
step(105), active(14230), time(1.388)
step(106), active(14095), time(1.412)
step(107), active(13928), time(1.426)
step(108), active(13751), time(1.438)
step(109), active(13556), time(1.454)
step(110), active(13382), time(1.460)
step(111), active(13189), time(1.476)
step(112), active(12964), time(1.482)
step(113), active(12729), time(1.508)
step(114), active(12473), time(1.518)
step(115), active(12191), time(1.530)
step(116), active(11929), time(1.554)
step(117), active(11658), time(1.578)
step(118), active(11344), time(1.589)
step(119), active(11071), time(1.610)
step(120), active(10773), time(1.622)
step(121), active(10453), time(1.638)
step(122), active(10140), time(1.650)
step(123), active(9809), time(1.660)
step(124), active(9484), time(1.666)
step(125), active(9121), time(1.678)
step(126), active(8771), time(1.690)
step(127), active(8449), time(1.701)
step(128), active(8145), time(1.710)
step(129), active(7829), time(1.722)
step(130), active(7514), time(1.726)
step(131), active(7210), time(1.738)
step(132), active(6911), time(1.754)
step(133), active(6621), time(1.770)
step(134), active(6356), time(1.776)
step(135), active(6072), time(1.786)
step(136), active(5810), time(1.792)
step(137), active(5568), time(1.801)
step(138), active(5311), time(1.822)
step(139), active(5077), time(1.862)
step(140), active(4843), time(1.891)
step(141), active(4655), time(1.948)
step(142), active(4477), time(2.000)
step(143), active(4313), time(2.094)
step(144), active(4133), time(2.110)
step(145), active(3948), time(2.118)
step(146), active(3794), time(2.131)
step(147), active(3651), time(2.132)
step(148), active(3507), time(2.133)
step(149), active(3364), time(2.134)
step(150), active(3252), time(2.135)
step(151), active(3136), time(2.135)
step(152), active(3045), time(2.136)
step(153), active(2958), time(2.137)
step(154), active(2870), time(2.138)
step(155), active(2779), time(2.139)
step(156), active(2686), time(2.140)
step(157), active(2597), time(2.145)
step(158), active(2536), time(2.146)
step(159), active(2470), time(2.146)
step(160), active(2419), time(2.147)
step(161), active(2372), time(2.148)
step(162), active(2317), time(2.150)
step(163), active(2267), time(2.154)
step(164), active(2212), time(2.155)
step(165), active(2164), time(2.157)
step(166), active(2129), time(2.158)
step(167), active(2100), time(2.158)
step(168), active(2077), time(2.159)
step(169), active(2044), time(2.160)
step(170), active(2010), time(2.161)
step(171), active(1976), time(2.161)
step(172), active(1946), time(2.162)
step(173), active(1921), time(2.163)
step(174), active(1903), time(2.164)
step(175), active(1879), time(2.165)
step(176), active(1861), time(2.166)
step(177), active(1843), time(2.167)
step(178), active(1819), time(2.168)
step(179), active(1795), time(2.169)
step(180), active(1781), time(2.170)
step(181), active(1758), time(2.171)
step(182), active(1732), time(2.172)
step(183), active(1703), time(2.173)
step(184), active(1680), time(2.182)
step(185), active(1668), time(2.183)
step(186), active(1651), time(2.184)
step(187), active(1643), time(2.185)
step(188), active(1631), time(2.186)
step(189), active(1618), time(2.187)
step(190), active(1604), time(2.188)
step(191), active(1590), time(2.189)
step(192), active(1574), time(2.190)
step(193), active(1564), time(2.191)
step(194), active(1554), time(2.192)
step(195), active(1538), time(2.193)
step(196), active(1526), time(2.194)
step(197), active(1510), time(2.195)
step(198), active(1501), time(2.196)
step(199), active(1488), time(2.197)
step(200), active(1476), time(2.198)
step(201), active(1460), time(2.199)
step(202), active(1451), time(2.200)
step(203), active(1441), time(2.201)
step(204), active(1432), time(2.202)
step(205), active(1419), time(2.203)
step(206), active(1409), time(2.204)
step(207), active(1396), time(2.205)
step(208), active(1390), time(2.206)
step(209), active(1383), time(2.207)
step(210), active(1371), time(2.207)
step(211), active(1360), time(2.208)
step(212), active(1350), time(2.209)
step(213), active(1338), time(2.210)
step(214), active(1331), time(2.211)
step(215), active(1325), time(2.212)
step(216), active(1318), time(2.212)
step(217), active(1312), time(2.213)
step(218), active(1301), time(2.214)
step(219), active(1289), time(2.215)
step(220), active(1286), time(2.216)
step(221), active(1275), time(2.216)
step(222), active(1266), time(2.218)
step(223), active(1258), time(2.219)
step(224), active(1248), time(2.220)
step(225), active(1232), time(2.221)
step(226), active(1223), time(2.222)
step(227), active(1214), time(2.223)
step(228), active(1208), time(2.223)
step(229), active(1195), time(2.224)
step(230), active(1187), time(2.225)
step(231), active(1178), time(2.226)
step(232), active(1168), time(2.227)
step(233), active(1160), time(2.228)
step(234), active(1150), time(2.229)
step(235), active(1136), time(2.230)
step(236), active(1129), time(2.231)
step(237), active(1117), time(2.232)
step(238), active(1108), time(2.233)
step(239), active(1097), time(2.234)
step(240), active(1090), time(2.235)
step(241), active(1084), time(2.235)
step(242), active(1073), time(2.236)
step(243), active(1064), time(2.237)
step(244), active(1056), time(2.238)
step(245), active(1049), time(2.239)
step(246), active(1041), time(2.239)
step(247), active(1030), time(2.240)
step(248), active(1024), time(2.241)
step(249), active(1017), time(2.242)
step(250), active(1009), time(2.243)
step(251), active(998), time(2.243)
step(252), active(989), time(2.244)
step(253), active(982), time(2.245)
step(254), active(974), time(2.246)
step(255), active(961), time(2.247)
step(256), active(945), time(2.248)
step(257), active(938), time(2.249)
step(258), active(919), time(2.250)
step(259), active(911), time(2.250)
step(260), active(900), time(2.251)
step(261), active(889), time(2.252)
step(262), active(878), time(2.253)
step(263), active(866), time(2.254)
step(264), active(858), time(2.255)
step(265), active(842), time(2.255)
step(266), active(827), time(2.256)
step(267), active(814), time(2.256)
step(268), active(804), time(2.261)
step(269), active(790), time(2.262)
step(270), active(779), time(2.262)
step(271), active(766), time(2.263)
step(272), active(751), time(2.263)
step(273), active(742), time(2.264)
step(274), active(727), time(2.264)
step(275), active(703), time(2.265)
step(276), active(685), time(2.265)
step(277), active(671), time(2.266)
step(278), active(659), time(2.267)
step(279), active(648), time(2.267)
step(280), active(630), time(2.268)
step(281), active(618), time(2.268)
step(282), active(607), time(2.269)
step(283), active(597), time(2.269)
step(284), active(587), time(2.270)
step(285), active(575), time(2.273)
step(286), active(560), time(2.274)
step(287), active(546), time(2.275)
step(288), active(530), time(2.275)
step(289), active(513), time(2.276)
step(290), active(501), time(2.276)
step(291), active(493), time(2.277)
step(292), active(485), time(2.277)
step(293), active(477), time(2.277)
step(294), active(466), time(2.278)
step(295), active(458), time(2.278)
step(296), active(443), time(2.279)
step(297), active(425), time(2.279)
step(298), active(410), time(2.280)
step(299), active(399), time(2.280)
step(300), active(386), time(2.281)
step(301), active(377), time(2.281)
step(302), active(365), time(2.282)
step(303), active(362), time(2.283)
step(304), active(351), time(2.283)
step(305), active(346), time(2.283)
step(306), active(333), time(2.284)
step(307), active(319), time(2.284)
step(308), active(309), time(2.285)
step(309), active(290), time(2.285)
step(310), active(280), time(2.285)
step(311), active(269), time(2.286)
step(312), active(260), time(2.286)
step(313), active(253), time(2.286)
step(314), active(248), time(2.287)
step(315), active(240), time(2.287)
step(316), active(234), time(2.288)
step(317), active(226), time(2.288)
step(318), active(219), time(2.288)
step(319), active(214), time(2.289)
step(320), active(203), time(2.289)
step(321), active(195), time(2.289)
step(322), active(188), time(2.291)
step(323), active(180), time(2.292)
step(324), active(173), time(2.292)
step(325), active(164), time(2.292)
step(326), active(162), time(2.293)
step(327), active(156), time(2.293)
step(328), active(149), time(2.293)
step(329), active(145), time(2.294)
step(330), active(141), time(2.294)
step(331), active(138), time(2.294)
step(332), active(133), time(2.295)
step(333), active(126), time(2.295)
step(334), active(116), time(2.295)
step(335), active(110), time(2.296)
step(336), active(107), time(2.296)
step(337), active(101), time(2.296)
step(338), active(97), time(2.297)
step(339), active(97), time(2.297)
step(340), active(91), time(2.297)
step(341), active(89), time(2.298)
step(342), active(87), time(2.298)
step(343), active(80), time(2.298)
step(344), active(75), time(2.298)
step(345), active(71), time(2.299)
step(346), active(67), time(2.299)
step(347), active(65), time(2.299)
step(348), active(62), time(2.300)
step(349), active(58), time(2.300)
step(350), active(56), time(2.300)
step(351), active(52), time(2.301)
step(352), active(49), time(2.301)
step(353), active(46), time(2.301)
step(354), active(42), time(2.301)
step(355), active(41), time(2.302)
step(356), active(39), time(2.302)
step(357), active(37), time(2.302)
step(358), active(35), time(2.303)
step(359), active(32), time(2.303)
step(360), active(31), time(2.303)
step(361), active(31), time(2.303)
step(362), active(30), time(2.303)
step(363), active(27), time(2.304)
step(364), active(24), time(2.304)
step(365), active(21), time(2.304)
step(366), active(19), time(2.305)
step(367), active(17), time(2.305)
step(368), active(15), time(2.305)
step(369), active(15), time(2.305)
step(370), active(12), time(2.306)
step(371), active(11), time(2.306)
step(372), active(11), time(2.306)
step(373), active(11), time(2.306)
step(374), active(10), time(2.307)
step(375), active(10), time(2.307)
step(376), active(9), time(2.307)
step(377), active(9), time(2.307)
step(378), active(9), time(2.308)
step(379), active(9), time(2.308)
step(380), active(9), time(2.308)
step(381), active(8), time(2.308)
step(382), active(8), time(2.309)
step(383), active(8), time(2.309)
step(384), active(7), time(2.309)
step(385), active(7), time(2.309)
step(386), active(7), time(2.310)
step(387), active(6), time(2.310)
step(388), active(6), time(2.313)
step(389), active(6), time(2.313)
step(390), active(6), time(2.314)
step(391), active(5), time(2.316)
step(392), active(4), time(2.317)
step(393), active(4), time(2.317)
step(394), active(4), time(2.317)
step(395), active(4), time(2.317)
step(396), active(3), time(2.318)
step(397), active(3), time(2.318)
step(398), active(2), time(2.318)
step(399), active(2), time(2.319)
step(400), active(2), time(2.319)
step(401), active(2), time(2.320)
step(402), active(2), time(2.320)
step(403), active(2), time(2.320)
step(404), active(2), time(2.322)
step(405), active(1), time(2.322)
step(406), active(1), time(2.322)
step(407), active(0), time(2.323)
total time 2.854165s
arabic-2005
unweighted
step(0), active(30897), time(0.009)
step(1), active(26527), time(0.028)
step(2), active(23536), time(0.040)
step(3), active(21067), time(0.056)
step(4), active(19246), time(0.084)
step(5), active(17728), time(0.100)
step(6), active(16382), time(0.116)
step(7), active(15214), time(0.132)
step(8), active(14091), time(0.144)
step(9), active(13107), time(0.160)
step(10), active(12199), time(0.164)
step(11), active(11485), time(0.176)
step(12), active(10817), time(0.180)
step(13), active(10194), time(0.186)
step(14), active(9626), time(0.203)
step(15), active(9161), time(0.220)
step(16), active(8695), time(0.225)
step(17), active(8296), time(0.231)
step(18), active(7911), time(0.240)
step(19), active(7565), time(0.252)
step(20), active(7249), time(0.267)
step(21), active(6944), time(0.280)
step(22), active(6706), time(0.292)
step(23), active(6482), time(0.300)
step(24), active(6281), time(0.324)
step(25), active(6076), time(0.344)
step(26), active(5912), time(0.349)
step(27), active(5731), time(0.360)
step(28), active(5562), time(0.384)
step(29), active(5398), time(0.390)
step(30), active(5257), time(0.419)
step(31), active(5130), time(0.432)
step(32), active(5015), time(0.435)
step(33), active(4892), time(0.456)
step(34), active(4787), time(0.461)
step(35), active(4690), time(0.482)
step(36), active(4601), time(0.488)
step(37), active(4502), time(0.492)
step(38), active(4416), time(0.511)
step(39), active(4339), time(0.516)
step(40), active(4261), time(0.532)
step(41), active(4188), time(0.537)
step(42), active(4120), time(0.604)
step(43), active(4055), time(0.612)
step(44), active(3999), time(0.636)
step(45), active(3954), time(0.651)
step(46), active(3910), time(0.652)
step(47), active(3860), time(0.653)
step(48), active(3794), time(0.654)
step(49), active(3746), time(0.655)
step(50), active(3695), time(0.656)
step(51), active(3650), time(0.657)
step(52), active(3608), time(0.658)
step(53), active(3574), time(0.659)
step(54), active(3543), time(0.662)
step(55), active(3497), time(0.664)
step(56), active(3468), time(0.667)
step(57), active(3435), time(0.668)
step(58), active(3406), time(0.669)
step(59), active(3378), time(0.671)
step(60), active(3346), time(0.675)
step(61), active(3326), time(0.678)
step(62), active(3297), time(0.680)
step(63), active(3277), time(0.685)
step(64), active(3259), time(0.688)
step(65), active(3234), time(0.689)
step(66), active(3202), time(0.691)
step(67), active(3183), time(0.693)
step(68), active(3160), time(0.695)
step(69), active(3144), time(0.697)
step(70), active(3125), time(0.699)
step(71), active(3110), time(0.701)
step(72), active(3090), time(0.703)
step(73), active(3073), time(0.705)
step(74), active(3054), time(0.706)
step(75), active(3036), time(0.708)
step(76), active(3015), time(0.711)
step(77), active(2996), time(0.712)
step(78), active(2979), time(0.714)
step(79), active(2963), time(0.716)
step(80), active(2949), time(0.718)
step(81), active(2931), time(0.720)
step(82), active(2911), time(0.721)
step(83), active(2898), time(0.723)
step(84), active(2885), time(0.725)
step(85), active(2869), time(0.727)
step(86), active(2858), time(0.729)
step(87), active(2844), time(0.730)
step(88), active(2828), time(0.732)
step(89), active(2814), time(0.734)
step(90), active(2796), time(0.735)
step(91), active(2789), time(0.737)
step(92), active(2783), time(0.738)
step(93), active(2771), time(0.740)
step(94), active(2755), time(0.741)
step(95), active(2746), time(0.743)
step(96), active(2736), time(0.746)
step(97), active(2730), time(0.748)
step(98), active(2713), time(0.749)
step(99), active(2699), time(0.751)
step(100), active(2687), time(0.752)
step(101), active(2676), time(0.754)
step(102), active(2668), time(0.756)
step(103), active(2659), time(0.761)
step(104), active(2648), time(0.762)
step(105), active(2639), time(0.764)
step(106), active(2625), time(0.765)
step(107), active(2614), time(0.767)
step(108), active(2601), time(0.772)
step(109), active(2590), time(0.773)
step(110), active(2571), time(0.775)
step(111), active(2558), time(0.776)
step(112), active(2545), time(0.777)
step(113), active(2525), time(0.779)
step(114), active(2504), time(0.780)
step(115), active(2486), time(0.781)
step(116), active(2473), time(0.784)
step(117), active(2459), time(0.785)
step(118), active(2447), time(0.787)
step(119), active(2430), time(0.788)
step(120), active(2408), time(0.790)
step(121), active(2382), time(0.791)
step(122), active(2363), time(0.793)
step(123), active(2344), time(0.794)
step(124), active(2320), time(0.795)
step(125), active(2295), time(0.796)
step(126), active(2274), time(0.797)
step(127), active(2260), time(0.799)
step(128), active(2242), time(0.800)
step(129), active(2220), time(0.802)
step(130), active(2199), time(0.803)
step(131), active(2181), time(0.808)
step(132), active(2162), time(0.811)
step(133), active(2148), time(0.812)
step(134), active(2128), time(0.813)
step(135), active(2114), time(0.814)
step(136), active(2097), time(0.815)
step(137), active(2075), time(0.815)
step(138), active(2057), time(0.816)
step(139), active(2050), time(0.817)
step(140), active(2041), time(0.818)
step(141), active(2030), time(0.819)
step(142), active(2015), time(0.820)
step(143), active(2006), time(0.821)
step(144), active(1994), time(0.822)
step(145), active(1977), time(0.823)
step(146), active(1965), time(0.824)
step(147), active(1953), time(0.825)
step(148), active(1944), time(0.826)
step(149), active(1936), time(0.827)
step(150), active(1926), time(0.828)
step(151), active(1919), time(0.829)
step(152), active(1909), time(0.830)
step(153), active(1902), time(0.831)
step(154), active(1897), time(0.832)
step(155), active(1881), time(0.833)
step(156), active(1873), time(0.834)
step(157), active(1868), time(0.835)
step(158), active(1865), time(0.836)
step(159), active(1856), time(0.837)
step(160), active(1851), time(0.838)
step(161), active(1842), time(0.839)
step(162), active(1838), time(0.840)
step(163), active(1828), time(0.841)
step(164), active(1821), time(0.842)
step(165), active(1810), time(0.843)
step(166), active(1807), time(0.844)
step(167), active(1801), time(0.845)
step(168), active(1797), time(0.846)
step(169), active(1790), time(0.847)
step(170), active(1787), time(0.848)
step(171), active(1783), time(0.849)
step(172), active(1779), time(0.850)
step(173), active(1777), time(0.851)
step(174), active(1774), time(0.852)
step(175), active(1769), time(0.853)
step(176), active(1765), time(0.854)
step(177), active(1762), time(0.854)
step(178), active(1757), time(0.855)
step(179), active(1754), time(0.856)
step(180), active(1754), time(0.857)
step(181), active(1753), time(0.858)
step(182), active(1751), time(0.859)
step(183), active(1748), time(0.860)
step(184), active(1746), time(0.861)
step(185), active(1744), time(0.862)
step(186), active(1742), time(0.863)
step(187), active(1741), time(0.864)
step(188), active(1738), time(0.865)
step(189), active(1735), time(0.866)
step(190), active(1732), time(0.867)
step(191), active(1730), time(0.868)
step(192), active(1728), time(0.868)
step(193), active(1726), time(0.869)
step(194), active(1726), time(0.871)
step(195), active(1725), time(0.872)
step(196), active(1722), time(0.873)
step(197), active(1718), time(0.876)
step(198), active(1715), time(0.877)
step(199), active(1711), time(0.877)
step(200), active(1711), time(0.878)
step(201), active(1707), time(0.879)
step(202), active(1704), time(0.880)
step(203), active(1702), time(0.884)
step(204), active(1700), time(0.884)
step(205), active(1697), time(0.885)
step(206), active(1693), time(0.886)
step(207), active(1691), time(0.887)
step(208), active(1690), time(0.888)
step(209), active(1688), time(0.889)
step(210), active(1683), time(0.890)
step(211), active(1676), time(0.891)
step(212), active(1673), time(0.892)
step(213), active(1668), time(0.893)
step(214), active(1664), time(0.893)
step(215), active(1661), time(0.894)
step(216), active(1660), time(0.896)
step(217), active(1657), time(0.896)
step(218), active(1650), time(0.904)
step(219), active(1648), time(0.905)
step(220), active(1644), time(0.906)
step(221), active(1637), time(0.907)
step(222), active(1633), time(0.908)
step(223), active(1628), time(0.908)
step(224), active(1626), time(0.910)
step(225), active(1621), time(0.911)
step(226), active(1617), time(0.912)
step(227), active(1611), time(0.913)
step(228), active(1606), time(0.913)
step(229), active(1597), time(0.916)
step(230), active(1593), time(0.917)
step(231), active(1586), time(0.918)
step(232), active(1578), time(0.920)
step(233), active(1564), time(0.921)
step(234), active(1557), time(0.921)
step(235), active(1547), time(0.922)
step(236), active(1542), time(0.923)
step(237), active(1535), time(0.924)
step(238), active(1526), time(0.924)
step(239), active(1515), time(0.925)
step(240), active(1500), time(0.932)
step(241), active(1490), time(0.932)
step(242), active(1485), time(0.933)
step(243), active(1473), time(0.934)
step(244), active(1457), time(0.935)
step(245), active(1441), time(0.936)
step(246), active(1429), time(0.936)
step(247), active(1419), time(0.937)
step(248), active(1404), time(0.938)
step(249), active(1391), time(0.939)
step(250), active(1381), time(0.939)
step(251), active(1373), time(0.940)
step(252), active(1360), time(0.941)
step(253), active(1351), time(0.942)
step(254), active(1338), time(0.943)
step(255), active(1320), time(0.944)
step(256), active(1304), time(0.945)
step(257), active(1288), time(0.946)
step(258), active(1272), time(0.947)
step(259), active(1249), time(0.948)
step(260), active(1231), time(0.949)
step(261), active(1213), time(0.950)
step(262), active(1191), time(0.951)
step(263), active(1180), time(0.952)
step(264), active(1158), time(0.953)
step(265), active(1137), time(0.953)
step(266), active(1124), time(0.954)
step(267), active(1106), time(0.954)
step(268), active(1079), time(0.955)
step(269), active(1063), time(0.956)
step(270), active(1036), time(0.957)
step(271), active(1017), time(0.958)
step(272), active(992), time(0.959)
step(273), active(972), time(0.960)
step(274), active(955), time(0.963)
step(275), active(934), time(0.964)
step(276), active(905), time(0.964)
step(277), active(882), time(0.965)
step(278), active(867), time(0.966)
step(279), active(848), time(0.966)
step(280), active(825), time(0.967)
step(281), active(805), time(0.968)
step(282), active(785), time(0.968)
step(283), active(759), time(0.969)
step(284), active(743), time(0.969)
step(285), active(720), time(0.970)
step(286), active(706), time(0.970)
step(287), active(690), time(0.971)
step(288), active(674), time(0.971)
step(289), active(661), time(0.972)
step(290), active(647), time(0.972)
step(291), active(625), time(0.973)
step(292), active(613), time(0.973)
step(293), active(599), time(0.974)
step(294), active(579), time(0.974)
step(295), active(561), time(0.975)
step(296), active(540), time(0.975)
step(297), active(521), time(0.976)
step(298), active(509), time(0.976)
step(299), active(501), time(0.977)
step(300), active(488), time(0.977)
step(301), active(465), time(0.978)
step(302), active(446), time(0.978)
step(303), active(431), time(0.978)
step(304), active(414), time(0.979)
step(305), active(401), time(0.979)
step(306), active(385), time(0.980)
step(307), active(371), time(0.980)
step(308), active(357), time(0.981)
step(309), active(339), time(0.981)
step(310), active(327), time(0.981)
step(311), active(315), time(0.982)
step(312), active(300), time(0.982)
step(313), active(290), time(0.983)
step(314), active(279), time(0.991)
step(315), active(272), time(0.992)
step(316), active(267), time(0.992)
step(317), active(261), time(0.992)
step(318), active(253), time(0.993)
step(319), active(238), time(0.993)
step(320), active(226), time(0.993)
step(321), active(216), time(0.994)
step(322), active(213), time(0.994)
step(323), active(206), time(0.995)
step(324), active(205), time(0.995)
step(325), active(200), time(0.995)
step(326), active(190), time(0.996)
step(327), active(183), time(0.996)
step(328), active(173), time(0.997)
step(329), active(167), time(0.997)
step(330), active(159), time(0.997)
step(331), active(155), time(0.998)
step(332), active(149), time(0.998)
step(333), active(144), time(0.998)
step(334), active(138), time(0.999)
step(335), active(136), time(1.000)
step(336), active(134), time(1.000)
step(337), active(124), time(1.000)
step(338), active(121), time(1.001)
step(339), active(115), time(1.001)
step(340), active(111), time(1.002)
step(341), active(109), time(1.003)
step(342), active(104), time(1.004)
step(343), active(100), time(1.004)
step(344), active(97), time(1.004)
step(345), active(89), time(1.005)
step(346), active(82), time(1.005)
step(347), active(76), time(1.005)
step(348), active(74), time(1.006)
step(349), active(71), time(1.007)
step(350), active(65), time(1.007)
step(351), active(64), time(1.008)
step(352), active(61), time(1.008)
step(353), active(61), time(1.008)
step(354), active(56), time(1.009)
step(355), active(51), time(1.009)
step(356), active(50), time(1.009)
step(357), active(47), time(1.009)
step(358), active(43), time(1.010)
step(359), active(41), time(1.011)
step(360), active(38), time(1.011)
step(361), active(37), time(1.011)
step(362), active(35), time(1.012)
step(363), active(33), time(1.012)
step(364), active(29), time(1.012)
step(365), active(25), time(1.012)
step(366), active(24), time(1.013)
step(367), active(23), time(1.013)
step(368), active(20), time(1.013)
step(369), active(19), time(1.013)
step(370), active(17), time(1.014)
step(371), active(17), time(1.014)
step(372), active(15), time(1.014)
step(373), active(14), time(1.015)
step(374), active(13), time(1.015)
step(375), active(13), time(1.015)
step(376), active(13), time(1.016)
step(377), active(12), time(1.016)
step(378), active(11), time(1.016)
step(379), active(10), time(1.016)
step(380), active(9), time(1.017)
step(381), active(7), time(1.017)
step(382), active(6), time(1.017)
step(383), active(5), time(1.018)
step(384), active(5), time(1.018)
step(385), active(5), time(1.018)
step(386), active(5), time(1.018)
step(387), active(5), time(1.019)
step(388), active(4), time(1.019)
step(389), active(4), time(1.019)
step(390), active(3), time(1.020)
step(391), active(3), time(1.020)
step(392), active(3), time(1.020)
step(393), active(2), time(1.020)
step(394), active(2), time(1.021)
step(395), active(2), time(1.021)
step(396), active(2), time(1.021)
step(397), active(2), time(1.022)
step(398), active(2), time(1.022)
step(399), active(2), time(1.022)
step(400), active(2), time(1.022)
step(401), active(2), time(1.023)
step(402), active(2), time(1.023)
step(403), active(2), time(1.023)
step(404), active(2), time(1.024)
step(405), active(2), time(1.024)
step(406), active(2), time(1.024)
step(407), active(1), time(1.025)
step(408), active(1), time(1.025)
step(409), active(1), time(1.025)
step(410), active(1), time(1.025)
step(411), active(1), time(1.026)
step(412), active(1), time(1.026)
step(413), active(1), time(1.026)
step(414), active(1), time(1.027)
step(415), active(1), time(1.027)
step(416), active(1), time(1.027)
step(417), active(1), time(1.027)
step(418), active(1), time(1.028)
step(419), active(1), time(1.028)
step(420), active(1), time(1.028)
step(421), active(1), time(1.029)
step(422), active(1), time(1.029)
step(423), active(1), time(1.029)
step(424), active(1), time(1.030)
step(425), active(1), time(1.030)
step(426), active(1), time(1.030)
step(427), active(1), time(1.030)
step(428), active(1), time(1.031)
step(429), active(1), time(1.031)
step(430), active(1), time(1.031)
step(431), active(1), time(1.032)
step(432), active(1), time(1.032)
step(433), active(1), time(1.032)
step(434), active(1), time(1.033)
step(435), active(1), time(1.033)
step(436), active(1), time(1.033)
step(437), active(0), time(1.033)
total time 1.388250s
sk-2005
unweighted
step(0), active(33328), time(0.012)
step(1), active(26848), time(0.037)
step(2), active(25218), time(0.047)
step(3), active(23651), time(0.050)
step(4), active(22107), time(0.063)
step(5), active(20734), time(0.074)
step(6), active(19455), time(0.082)
step(7), active(18249), time(0.100)
step(8), active(17163), time(0.102)
step(9), active(16166), time(0.114)
step(10), active(15210), time(0.118)
step(11), active(14275), time(0.133)
step(12), active(13411), time(0.140)
step(13), active(12616), time(0.163)
step(14), active(11893), time(0.170)
step(15), active(11210), time(0.176)
step(16), active(10551), time(0.183)
step(17), active(9948), time(0.199)
step(18), active(9428), time(0.222)
step(19), active(8943), time(0.246)
step(20), active(8469), time(0.350)
step(21), active(8066), time(0.381)
step(22), active(7634), time(0.414)
step(23), active(7234), time(0.426)
step(24), active(6886), time(0.432)
step(25), active(6549), time(0.437)
step(26), active(6241), time(0.478)
step(27), active(5958), time(0.501)
step(28), active(5690), time(0.516)
step(29), active(5419), time(0.526)
step(30), active(5192), time(0.548)
step(31), active(4999), time(0.566)
step(32), active(4758), time(0.578)
step(33), active(4548), time(0.616)
step(34), active(4366), time(0.630)
step(35), active(4197), time(0.646)
step(36), active(4031), time(0.658)
step(37), active(3871), time(0.689)
step(38), active(3745), time(0.702)
step(39), active(3610), time(0.704)
step(40), active(3495), time(0.706)
step(41), active(3354), time(0.707)
step(42), active(3230), time(0.709)
step(43), active(3116), time(0.710)
step(44), active(3002), time(0.712)
step(45), active(2903), time(0.713)
step(46), active(2808), time(0.714)
step(47), active(2710), time(0.715)
step(48), active(2631), time(0.716)
step(49), active(2547), time(0.718)
step(50), active(2470), time(0.719)
step(51), active(2412), time(0.720)
step(52), active(2344), time(0.721)
step(53), active(2288), time(0.722)
step(54), active(2226), time(0.724)
step(55), active(2167), time(0.725)
step(56), active(2121), time(0.726)
step(57), active(2066), time(0.728)
step(58), active(2028), time(0.729)
step(59), active(1985), time(0.730)
step(60), active(1942), time(0.731)
step(61), active(1883), time(0.732)
step(62), active(1844), time(0.734)
step(63), active(1806), time(0.735)
step(64), active(1779), time(0.737)
step(65), active(1746), time(0.739)
step(66), active(1708), time(0.740)
step(67), active(1674), time(0.742)
step(68), active(1645), time(0.743)
step(69), active(1618), time(0.744)
step(70), active(1596), time(0.746)
step(71), active(1568), time(0.747)
step(72), active(1533), time(0.749)
step(73), active(1521), time(0.750)
step(74), active(1499), time(0.751)
step(75), active(1467), time(0.753)
step(76), active(1446), time(0.754)
step(77), active(1424), time(0.755)
step(78), active(1401), time(0.757)
step(79), active(1388), time(0.758)
step(80), active(1370), time(0.759)
step(81), active(1352), time(0.761)
step(82), active(1332), time(0.762)
step(83), active(1319), time(0.766)
step(84), active(1300), time(0.768)
step(85), active(1272), time(0.769)
step(86), active(1257), time(0.771)
step(87), active(1241), time(0.773)
step(88), active(1220), time(0.775)
step(89), active(1200), time(0.776)
step(90), active(1183), time(0.777)
step(91), active(1156), time(0.778)
step(92), active(1145), time(0.780)
step(93), active(1129), time(0.781)
step(94), active(1108), time(0.782)
step(95), active(1097), time(0.783)
step(96), active(1085), time(0.784)
step(97), active(1077), time(0.786)
step(98), active(1058), time(0.787)
step(99), active(1045), time(0.788)
step(100), active(1033), time(0.789)
step(101), active(1021), time(0.790)
step(102), active(997), time(0.791)
step(103), active(979), time(0.792)
step(104), active(957), time(0.792)
step(105), active(934), time(0.794)
step(106), active(911), time(0.795)
step(107), active(891), time(0.795)
step(108), active(868), time(0.799)
step(109), active(851), time(0.800)
step(110), active(827), time(0.801)
step(111), active(804), time(0.801)
step(112), active(787), time(0.802)
step(113), active(772), time(0.803)
step(114), active(748), time(0.804)
step(115), active(721), time(0.805)
step(116), active(693), time(0.806)
step(117), active(673), time(0.807)
step(118), active(647), time(0.807)
step(119), active(625), time(0.808)
step(120), active(606), time(0.809)
step(121), active(591), time(0.810)
step(122), active(576), time(0.811)
step(123), active(561), time(0.815)
step(124), active(540), time(0.815)
step(125), active(518), time(0.816)
step(126), active(502), time(0.818)
step(127), active(488), time(0.822)
step(128), active(474), time(0.822)
step(129), active(457), time(0.824)
step(130), active(439), time(0.825)
step(131), active(424), time(0.826)
step(132), active(411), time(0.826)
step(133), active(403), time(0.827)
step(134), active(391), time(0.827)
step(135), active(378), time(0.828)
step(136), active(372), time(0.828)
step(137), active(361), time(0.829)
step(138), active(348), time(0.829)
step(139), active(336), time(0.830)
step(140), active(328), time(0.830)
step(141), active(319), time(0.830)
step(142), active(311), time(0.831)
step(143), active(303), time(0.831)
step(144), active(298), time(0.832)
step(145), active(297), time(0.833)
step(146), active(288), time(0.834)
step(147), active(287), time(0.834)
step(148), active(282), time(0.842)
step(149), active(281), time(0.842)
step(150), active(279), time(0.843)
step(151), active(278), time(0.843)
step(152), active(278), time(0.844)
step(153), active(276), time(0.844)
step(154), active(272), time(0.845)
step(155), active(270), time(0.845)
step(156), active(268), time(0.846)
step(157), active(265), time(0.846)
step(158), active(264), time(0.847)
step(159), active(264), time(0.847)
step(160), active(260), time(0.847)
step(161), active(258), time(0.848)
step(162), active(256), time(0.848)
step(163), active(253), time(0.848)
step(164), active(250), time(0.849)
step(165), active(249), time(0.849)
step(166), active(247), time(0.850)
step(167), active(246), time(0.850)
step(168), active(244), time(0.851)
step(169), active(241), time(0.851)
step(170), active(241), time(0.855)
step(171), active(236), time(0.856)
step(172), active(235), time(0.856)
step(173), active(231), time(0.857)
step(174), active(231), time(0.857)
step(175), active(231), time(0.857)
step(176), active(228), time(0.858)
step(177), active(223), time(0.858)
step(178), active(223), time(0.858)
step(179), active(220), time(0.859)
step(180), active(220), time(0.859)
step(181), active(219), time(0.860)
step(182), active(219), time(0.860)
step(183), active(218), time(0.862)
step(184), active(216), time(0.862)
step(185), active(214), time(0.862)
step(186), active(212), time(0.863)
step(187), active(210), time(0.863)
step(188), active(207), time(0.863)
step(189), active(205), time(0.864)
step(190), active(204), time(0.864)
step(191), active(203), time(0.864)
step(192), active(202), time(0.865)
step(193), active(201), time(0.865)
step(194), active(201), time(0.866)
step(195), active(198), time(0.866)
step(196), active(198), time(0.866)
step(197), active(196), time(0.867)
step(198), active(196), time(0.867)
step(199), active(194), time(0.870)
step(200), active(193), time(0.870)
step(201), active(193), time(0.871)
step(202), active(193), time(0.871)
step(203), active(193), time(0.871)
step(204), active(192), time(0.872)
step(205), active(192), time(0.872)
step(206), active(192), time(0.872)
step(207), active(190), time(0.872)
step(208), active(189), time(0.873)
step(209), active(189), time(0.873)
step(210), active(188), time(0.873)
step(211), active(187), time(0.874)
step(212), active(185), time(0.874)
step(213), active(184), time(0.874)
step(214), active(183), time(0.875)
step(215), active(180), time(0.875)
step(216), active(178), time(0.876)
step(217), active(178), time(0.876)
step(218), active(177), time(0.876)
step(219), active(176), time(0.877)
step(220), active(176), time(0.877)
step(221), active(174), time(0.877)
step(222), active(170), time(0.878)
step(223), active(170), time(0.878)
step(224), active(168), time(0.878)
step(225), active(164), time(0.879)
step(226), active(162), time(0.879)
step(227), active(162), time(0.879)
step(228), active(161), time(0.880)
step(229), active(160), time(0.880)
step(230), active(159), time(0.880)
step(231), active(157), time(0.881)
step(232), active(156), time(0.881)
step(233), active(155), time(0.881)
step(234), active(154), time(0.882)
step(235), active(153), time(0.882)
step(236), active(152), time(0.882)
step(237), active(152), time(0.886)
step(238), active(150), time(0.886)
step(239), active(148), time(0.886)
step(240), active(144), time(0.887)
step(241), active(141), time(0.887)
step(242), active(138), time(0.887)
step(243), active(138), time(0.888)
step(244), active(136), time(0.888)
step(245), active(131), time(0.894)
step(246), active(129), time(0.894)
step(247), active(128), time(0.895)
step(248), active(125), time(0.895)
step(249), active(123), time(0.895)
step(250), active(121), time(0.896)
step(251), active(119), time(0.897)
step(252), active(117), time(0.897)
step(253), active(114), time(0.898)
step(254), active(111), time(0.898)
step(255), active(109), time(0.899)
step(256), active(107), time(0.899)
step(257), active(104), time(0.899)
step(258), active(103), time(0.900)
step(259), active(101), time(0.900)
step(260), active(98), time(0.900)
step(261), active(97), time(0.901)
step(262), active(94), time(0.901)
step(263), active(92), time(0.901)
step(264), active(92), time(0.901)
step(265), active(91), time(0.902)
step(266), active(90), time(0.902)
step(267), active(87), time(0.902)
step(268), active(85), time(0.903)
step(269), active(83), time(0.903)
step(270), active(80), time(0.903)
step(271), active(80), time(0.904)
step(272), active(79), time(0.904)
step(273), active(79), time(0.904)
step(274), active(79), time(0.905)
step(275), active(79), time(0.905)
step(276), active(78), time(0.905)
step(277), active(78), time(0.906)
step(278), active(75), time(0.906)
step(279), active(74), time(0.906)
step(280), active(70), time(0.906)
step(281), active(70), time(0.907)
step(282), active(70), time(0.907)
step(283), active(69), time(0.907)
step(284), active(68), time(0.908)
step(285), active(68), time(0.908)
step(286), active(65), time(0.908)
step(287), active(63), time(0.909)
step(288), active(59), time(0.909)
step(289), active(54), time(0.909)
step(290), active(51), time(0.909)
step(291), active(50), time(0.910)
step(292), active(48), time(0.910)
step(293), active(44), time(0.911)
step(294), active(42), time(0.911)
step(295), active(41), time(0.914)
step(296), active(40), time(0.914)
step(297), active(37), time(0.915)
step(298), active(34), time(0.915)
step(299), active(33), time(0.915)
step(300), active(33), time(0.916)
step(301), active(32), time(0.916)
step(302), active(32), time(0.916)
step(303), active(32), time(0.917)
step(304), active(32), time(0.917)
step(305), active(31), time(0.917)
step(306), active(30), time(0.918)
step(307), active(29), time(0.918)
step(308), active(28), time(0.919)
step(309), active(25), time(0.919)
step(310), active(25), time(0.919)
step(311), active(25), time(0.919)
step(312), active(23), time(0.920)
step(313), active(22), time(0.920)
step(314), active(20), time(0.920)
step(315), active(20), time(0.920)
step(316), active(20), time(0.921)
step(317), active(18), time(0.921)
step(318), active(17), time(0.921)
step(319), active(16), time(0.921)
step(320), active(15), time(0.922)
step(321), active(14), time(0.922)
step(322), active(14), time(0.922)
step(323), active(14), time(0.922)
step(324), active(14), time(0.923)
step(325), active(13), time(0.923)
step(326), active(13), time(0.923)
step(327), active(13), time(0.924)
step(328), active(12), time(0.924)
step(329), active(11), time(0.924)
step(330), active(11), time(0.925)
step(331), active(11), time(0.925)
step(332), active(11), time(0.925)
step(333), active(11), time(0.925)
step(334), active(11), time(0.926)
step(335), active(11), time(0.926)
step(336), active(10), time(0.926)
step(337), active(10), time(0.927)
step(338), active(9), time(0.927)
step(339), active(8), time(0.928)
step(340), active(8), time(0.937)
step(341), active(8), time(0.938)
step(342), active(8), time(0.938)
step(343), active(8), time(0.939)
step(344), active(7), time(0.939)
step(345), active(6), time(0.939)
step(346), active(6), time(0.939)
step(347), active(6), time(0.940)
step(348), active(6), time(0.940)
step(349), active(6), time(0.940)
step(350), active(6), time(0.940)
step(351), active(6), time(0.941)
step(352), active(6), time(0.941)
step(353), active(6), time(0.941)
step(354), active(4), time(0.941)
step(355), active(4), time(0.942)
step(356), active(4), time(0.942)
step(357), active(3), time(0.942)
step(358), active(3), time(0.943)
step(359), active(3), time(0.943)
step(360), active(3), time(0.943)
step(361), active(3), time(0.943)
step(362), active(2), time(0.943)
step(363), active(2), time(0.944)
step(364), active(2), time(0.944)
step(365), active(2), time(0.944)
step(366), active(2), time(0.944)
step(367), active(2), time(0.944)
step(368), active(2), time(0.945)
step(369), active(1), time(0.945)
step(370), active(1), time(0.945)
step(371), active(1), time(0.945)
step(372), active(1), time(0.945)
step(373), active(1), time(0.946)
step(374), active(1), time(0.946)
step(375), active(1), time(0.946)
step(376), active(0), time(0.946)
total time 1.822628s
friendster
unweighted
step(0), active(14262), time(0.008)
step(1), active(11509), time(0.020)
step(2), active(8937), time(0.048)
step(3), active(6688), time(0.060)
step(4), active(4878), time(0.074)
step(5), active(3559), time(0.079)
step(6), active(2658), time(0.092)
step(7), active(2016), time(0.096)
step(8), active(1562), time(0.098)
step(9), active(1237), time(0.100)
step(10), active(978), time(0.102)
step(11), active(780), time(0.103)
step(12), active(637), time(0.104)
step(13), active(520), time(0.105)
step(14), active(434), time(0.105)
step(15), active(343), time(0.106)
step(16), active(286), time(0.107)
step(17), active(221), time(0.107)
step(18), active(178), time(0.107)
step(19), active(134), time(0.108)
step(20), active(101), time(0.108)
step(21), active(85), time(0.111)
step(22), active(63), time(0.111)
step(23), active(47), time(0.117)
step(24), active(34), time(0.117)
step(25), active(25), time(0.117)
step(26), active(21), time(0.118)
step(27), active(17), time(0.119)
step(28), active(14), time(0.119)
step(29), active(11), time(0.119)
step(30), active(9), time(0.120)
step(31), active(7), time(0.120)
step(32), active(6), time(0.120)
step(33), active(3), time(0.120)
step(34), active(3), time(0.121)
step(35), active(3), time(0.121)
step(36), active(3), time(0.121)
step(37), active(2), time(0.122)
step(38), active(2), time(0.122)
step(39), active(1), time(0.122)
step(40), active(0), time(0.122)
total time 1.194323s
